#
# There is insufficient memory for the Java Runtime Environment to continue.
# Native memory allocation (mmap) failed to map 268435456 bytes for G1 virtual space
# Possible reasons:
#   The system is out of physical RAM or swap space
#   The process is running with CompressedOops enabled, and the Java Heap may be blocking the growth of the native heap
# Possible solutions:
#   Reduce memory load on the system
#   Increase physical memory or swap space
#   Check if swap backing store is full
#   Decrease Java heap size (-Xmx/-Xms)
#   Decrease number of Java threads
#   Decrease Java thread stack sizes (-Xss)
#   Set larger code cache with -XX:ReservedCodeCacheSize=
#   JVM is running with Zero Based Compressed Oops mode in which the Java heap is
#     placed in the first 32GB address space. The Java Heap base address is the
#     maximum limit for the native heap growth. Please use -XX:HeapBaseMinAddress
#     to set the Java Heap base and to place the Java Heap above 32GB virtual address.
# This output file may be truncated or incomplete.
#
#  Out of Memory Error (os_windows.cpp:3771), pid=16728, tid=14236
#
# JRE version:  (17.0.7) (build )
# Java VM: OpenJDK 64-Bit Server VM (17.0.7+0-b2043.56-10550314, mixed mode, sharing, tiered, compressed oops, compressed class ptrs, g1 gc, windows-amd64)
# No core dump will be written. Minidumps are not enabled by default on client versions of Windows
#

---------------  S U M M A R Y ------------

Command Line: git4idea.http.GitAskPassApp Username for 'https://github.com': 

Host: AMD Ryzen 7 1700 Eight-Core Processor          , 16 cores, 15G,  Windows 10 , 64 bit Build 19041 (10.0.19041.3636)
Time: Tue Dec 12 17:04:52 2023  Windows 10 , 64 bit Build 19041 (10.0.19041.3636) elapsed time: 0.033908 seconds (0d 0h 0m 0s)

---------------  T H R E A D  ---------------

Current thread (0x000002a758d70b00):  JavaThread "Unknown thread" [_thread_in_vm, id=14236, stack(0x000000c4baf00000,0x000000c4bb000000)]

Stack: [0x000000c4baf00000,0x000000c4bb000000]
Native frames: (J=compiled Java code, j=interpreted, Vv=VM code, C=native code)
V  [jvm.dll+0x683bfa]
V  [jvm.dll+0x8430a4]
V  [jvm.dll+0x8449be]
V  [jvm.dll+0x845023]
V  [jvm.dll+0x24ad2f]
V  [jvm.dll+0x680ac9]
V  [jvm.dll+0x67519a]
V  [jvm.dll+0x30b3cb]
V  [jvm.dll+0x312876]
V  [jvm.dll+0x36221e]
V  [jvm.dll+0x36244f]
V  [jvm.dll+0x2e14a8]
V  [jvm.dll+0x2e2414]
V  [jvm.dll+0x814391]
V  [jvm.dll+0x36ffe1]
V  [jvm.dll+0x7f396c]
V  [jvm.dll+0x3f305f]
V  [jvm.dll+0x3f4b91]
C  [jli.dll+0x528f]
C  [ucrtbase.dll+0x21bb2]
C  [KERNEL32.DLL+0x17344]
C  [ntdll.dll+0x526b1]


---------------  P R O C E S S  ---------------

Threads class SMR info:
_java_thread_list=0x00007ffe7616d098, length=0, elements={
}

Java Threads: ( => current thread )

Other Threads:
  0x000002a758ddf330 GCTaskThread "GC Thread#0" [stack: 0x000000c4bb000000,0x000000c4bb100000] [id=17248]
  0x000002a758df0140 ConcurrentGCThread "G1 Main Marker" [stack: 0x000000c4bb100000,0x000000c4bb200000] [id=17616]
  0x000002a758df12f0 ConcurrentGCThread "G1 Conc#0" [stack: 0x000000c4bb200000,0x000000c4bb300000] [id=18216]

[error occurred during error reporting (printing all threads), id 0xc0000005, EXCEPTION_ACCESS_VIOLATION (0xc0000005) at pc=0x00007ffe75922087]

VM state: not at safepoint (not fully initialized)

VM Mutex/Monitor currently owned by a thread:  ([mutex/lock_event])
[0x000002a758d6e040] Heap_lock - owner thread: 0x000002a758d70b00

Heap address: 0x0000000701200000, size: 4078 MB, Compressed Oops mode: Zero based, Oop shift amount: 3

CDS archive(s) mapped at: [0x0000000000000000-0x0000000000000000-0x0000000000000000), size 0, SharedBaseAddress: 0x0000000800000000, ArchiveRelocationMode: 0.
Narrow klass base: 0x0000000000000000, Narrow klass shift: 0, Narrow klass range: 0x0

GC Precious Log:
<Empty>

Heap:
 garbage-first heap   total 0K, used 0K [0x0000000701200000, 0x0000000800000000)
  region size 2048K, 0 young (0K), 0 survivors (0K)
 Metaspace       used 0K, committed 0K, reserved 0K
  class space    used 0K, committed 0K, reserved 0K

Heap Regions: E=young(eden), S=young(survivor), O=old, HS=humongous(starts), HC=humongous(continues), CS=collection set, F=free, OA=open archive, CA=closed archive, TAMS=top-at-mark-start (previous, next)

Card table byte_map: [0x000002a76c2e0000,0x000002a76cae0000] _byte_map_base: 0x000002a768ad7000

Marking Bits (Prev, Next): (CMBitMap*) 0x000002a758ddf940, (CMBitMap*) 0x000002a758ddf980
 Prev Bits: [0x000002a76d2e0000, 0x000002a771298000)
 Next Bits: [0x000002a7712a0000, 0x000002a775258000)

GC Heap History (0 events):
No events

Dll operation events (1 events):
Event: 0.004 Loaded shared library E:\Program Files\Android\Android Studio\jbr\bin\java.dll

Deoptimization events (0 events):
No events

Classes unloaded (0 events):
No events

Classes redefined (0 events):
No events

Internal exceptions (0 events):
No events

VM Operations (0 events):
No events

Events (0 events):
No events


Dynamic libraries:
0x00007ff78fd70000 - 0x00007ff78fd7a000 	E:\Program Files\Android\Android Studio\jbr\bin\java.exe
0x00007ffed84f0000 - 0x00007ffed86e8000 	C:\Windows\SYSTEM32\ntdll.dll
0x00007ffed6720000 - 0x00007ffed67dd000 	C:\Windows\System32\KERNEL32.DLL
0x00007ffed6220000 - 0x00007ffed6516000 	C:\Windows\System32\KERNELBASE.dll
0x00007ffed5fa0000 - 0x00007ffed60a0000 	C:\Windows\System32\ucrtbase.dll
0x00007ffeb3d40000 - 0x00007ffeb3d57000 	E:\Program Files\Android\Android Studio\jbr\bin\jli.dll
0x00007ffe9b9b0000 - 0x00007ffe9b9cb000 	E:\Program Files\Android\Android Studio\jbr\bin\VCRUNTIME140.dll
0x00007ffed7750000 - 0x00007ffed78ee000 	C:\Windows\System32\USER32.dll
0x00007ffed60a0000 - 0x00007ffed60c2000 	C:\Windows\System32\win32u.dll
0x00007ffebe8a0000 - 0x00007ffebeb3a000 	C:\Windows\WinSxS\amd64_microsoft.windows.common-controls_6595b64144ccf1df_6.0.19041.3636_none_60b6a03d71f818d5\COMCTL32.dll
0x00007ffed7d00000 - 0x00007ffed7d2c000 	C:\Windows\System32\GDI32.dll
0x00007ffed78f0000 - 0x00007ffed798e000 	C:\Windows\System32\msvcrt.dll
0x00007ffed5e80000 - 0x00007ffed5f9a000 	C:\Windows\System32\gdi32full.dll
0x00007ffed6180000 - 0x00007ffed621d000 	C:\Windows\System32\msvcp_win.dll
0x00007ffed7710000 - 0x00007ffed7740000 	C:\Windows\System32\IMM32.DLL
0x00007ffeb9c70000 - 0x00007ffeb9c7c000 	E:\Program Files\Android\Android Studio\jbr\bin\vcruntime140_1.dll
0x00007ffe791d0000 - 0x00007ffe7925d000 	E:\Program Files\Android\Android Studio\jbr\bin\msvcp140.dll
0x00007ffe75630000 - 0x00007ffe762b0000 	E:\Program Files\Android\Android Studio\jbr\bin\server\jvm.dll
0x00007ffed7aa0000 - 0x00007ffed7b4f000 	C:\Windows\System32\ADVAPI32.dll
0x00007ffed7260000 - 0x00007ffed72fc000 	C:\Windows\System32\sechost.dll
0x00007ffed65e0000 - 0x00007ffed6706000 	C:\Windows\System32\RPCRT4.dll
0x00007ffec2880000 - 0x00007ffec28a7000 	C:\Windows\SYSTEM32\WINMM.dll
0x00007ffeccbf0000 - 0x00007ffeccbf9000 	C:\Windows\SYSTEM32\WSOCK32.dll
0x00007ffecd650000 - 0x00007ffecd65a000 	C:\Windows\SYSTEM32\VERSION.dll
0x00007ffed75d0000 - 0x00007ffed763b000 	C:\Windows\System32\WS2_32.dll
0x00007ffed3ab0000 - 0x00007ffed3ac2000 	C:\Windows\SYSTEM32\kernel.appcore.dll
0x00007ffebe2a0000 - 0x00007ffebe2aa000 	E:\Program Files\Android\Android Studio\jbr\bin\jimage.dll
0x00007ffec0f30000 - 0x00007ffec1114000 	C:\Windows\SYSTEM32\DBGHELP.DLL
0x00007ffebb600000 - 0x00007ffebb634000 	C:\Windows\SYSTEM32\dbgcore.DLL
0x00007ffed5bd0000 - 0x00007ffed5c52000 	C:\Windows\System32\bcryptPrimitives.dll
0x00007ffebd6a0000 - 0x00007ffebd6c5000 	E:\Program Files\Android\Android Studio\jbr\bin\java.dll

dbghelp: loaded successfully - version: 4.0.5 - missing functions: none
symbol engine: initialized successfully - sym options: 0x614 - pdb path: .;E:\Program Files\Android\Android Studio\jbr\bin;C:\Windows\SYSTEM32;C:\Windows\WinSxS\amd64_microsoft.windows.common-controls_6595b64144ccf1df_6.0.19041.3636_none_60b6a03d71f818d5;E:\Program Files\Android\Android Studio\jbr\bin\server

VM Arguments:
java_command: git4idea.http.GitAskPassApp Username for 'https://github.com': 
java_class_path (initial): E:/Program Files/Android/Android Studio/plugins/vcs-git/lib/git4idea-rt.jar;E:/Program Files/Android/Android Studio/lib/externalProcess-rt.jar
Launcher Type: SUN_STANDARD

[Global flags]
     intx CICompilerCount                          = 12                                        {product} {ergonomic}
     uint ConcGCThreads                            = 3                                         {product} {ergonomic}
     uint G1ConcRefinementThreads                  = 13                                        {product} {ergonomic}
   size_t G1HeapRegionSize                         = 2097152                                   {product} {ergonomic}
    uintx GCDrainStackTargetSize                   = 64                                        {product} {ergonomic}
   size_t InitialHeapSize                          = 268435456                                 {product} {ergonomic}
   size_t MarkStackSize                            = 4194304                                   {product} {ergonomic}
   size_t MaxHeapSize                              = 4276092928                                {product} {ergonomic}
   size_t MinHeapDeltaBytes                        = 2097152                                   {product} {ergonomic}
   size_t MinHeapSize                              = 8388608                                   {product} {ergonomic}
    uintx NonNMethodCodeHeapSize                   = 7602480                                {pd product} {ergonomic}
    uintx NonProfiledCodeHeapSize                  = 122027880                              {pd product} {ergonomic}
    uintx ProfiledCodeHeapSize                     = 122027880                              {pd product} {ergonomic}
    uintx ReservedCodeCacheSize                    = 251658240                              {pd product} {ergonomic}
     bool SegmentedCodeCache                       = true                                      {product} {ergonomic}
   size_t SoftMaxHeapSize                          = 4276092928                             {manageable} {ergonomic}
     bool UseCompressedClassPointers               = true                           {product lp64_product} {ergonomic}
     bool UseCompressedOops                        = true                           {product lp64_product} {ergonomic}
     bool UseG1GC                                  = true                                      {product} {ergonomic}
     bool UseLargePagesIndividualAllocation        = false                                  {pd product} {ergonomic}

Logging:
Log output configuration:
 #0: stdout all=warning uptime,level,tags
 #1: stderr all=off uptime,level,tags

Environment Variables:
PATH=C:/Program Files/Git/mingw64/libexec/git-core;C:/Program Files/Git/mingw64/libexec/git-core;C:\Program Files\Git\mingw64\bin;C:\Program Files\Git\usr\bin;C:\Users\user\bin;E:\Program Files\Python311\Scripts\;E:\Program Files\Python311\;C:\Program Files\Common Files\Oracle\Java\javapath;C:\Program Files (x86)\Common Files\Oracle\Java\javapath;C:\Program Files\Microsoft MPI\Bin\;E:\Program Files (x86)\VMware\VMware Workstation\bin\;C:\Program Files\Microsoft\jdk-11.0.16.101-hotspot\bin;c:\programdata\oracle\java\javapath;c:\windows\system32;c:\windows;c:\windows\system32\wbem;c:\windows\system32\windowspowershell\v1.0\;c:\windows\system32\openssh\;c:\program files\nvidia corporation\nvidia nvdlisr;c:\program files\dotnet\;C:\Program Files (x86)\NVIDIA Corporation\PhysX\Common;C:\Program Files\Git\cmd;C:\Program Files\Microsoft SQL Server\Client SDK\ODBC\170\Tools\Binn\;C:\Program Files\Microsoft SQL Server\150\Tools\Binn\;C:\Program Files (x86)\Microsoft SQL Server\160\Tools\Binn\;C:\Program Files\Microsoft SQL Server\160\Tools\Binn\;C:\Program Files\Microsoft SQL Server\160\DTS\Binn\;C:\Program Files (x86)\Microsoft SQL Server\160\DTS\Binn\;C:\Program Files\Azure Data Studio\bin;E:\Windows Kits\10\Windows Performance Toolkit\;E:\Program Files\Toad\apache-maven-3.9.3\bin;C:\Program Files\Azure Data Studio\bin;C:\Program Files\Azure Data Studio\bin;C:\Users\user\.dotnet\tools
USERNAME=user
DISPLAY=:0.0
LC_ALL=en_US.UTF-8
TERM=xterm-256color
TMPDIR=C:\Users\user\AppData\Local\Temp
OS=Windows_NT
PROCESSOR_IDENTIFIER=AMD64 Family 23 Model 1 Stepping 1, AuthenticAMD
TMP=C:\Users\user\AppData\Local\Temp
TEMP=C:\Users\user\AppData\Local\Temp


JNI global refs:
JNI global refs: 0, weak refs: 0

JNI global refs memory usage: 0, weak refs: 0

OOME stack traces (most recent first):
Classloader memory used:


---------------  S Y S T E M  ---------------

OS:
 Windows 10 , 64 bit Build 19041 (10.0.19041.3636)
OS uptime: 0 days 4:43 hours

CPU: total 16 (initial active 16) (16 cores per cpu, 2 threads per core) family 23 model 1 stepping 1 microcode 0x0, cx8, cmov, fxsr, ht, mmx, 3dnowpref, sse, sse2, sse3, ssse3, sse4a, sse4.1, sse4.2, popcnt, lzcnt, tsc, tscinvbit, avx, avx2, aes, clmul, bmi1, bmi2, adx, sha, fma, vzeroupper, clflush, clflushopt

Memory: 4k page, system-wide physical 16308M (669M free)
TotalPageFile size 24500M (AvailPageFile size 19M)
current process WorkingSet (physical memory assigned to process): 10M, peak: 10M
current process commit charge ("private bytes"): 70M, peak: 326M

vm_info: OpenJDK 64-Bit Server VM (17.0.7+0-b2043.56-10550314) for windows-amd64 JRE (17.0.7+0-b2043.56-10550314), built on Jul 24 2023 18:27:45 by "androidbuild" with MS VC++ 16.10 / 16.11 (VS2019)

END.
