#
# There is insufficient memory for the Java Runtime Environment to continue.
# Native memory allocation (mmap) failed to map 268435456 bytes for G1 virtual space
# Possible reasons:
#   The system is out of physical RAM or swap space
#   The process is running with CompressedOops enabled, and the Java Heap may be blocking the growth of the native heap
# Possible solutions:
#   Reduce memory load on the system
#   Increase physical memory or swap space
#   Check if swap backing store is full
#   Decrease Java heap size (-Xmx/-Xms)
#   Decrease number of Java threads
#   Decrease Java thread stack sizes (-Xss)
#   Set larger code cache with -XX:ReservedCodeCacheSize=
#   JVM is running with Zero Based Compressed Oops mode in which the Java heap is
#     placed in the first 32GB address space. The Java Heap base address is the
#     maximum limit for the native heap growth. Please use -XX:HeapBaseMinAddress
#     to set the Java Heap base and to place the Java Heap above 32GB virtual address.
# This output file may be truncated or incomplete.
#
#  Out of Memory Error (os_windows.cpp:3771), pid=18020, tid=15592
#
# JRE version:  (17.0.7) (build )
# Java VM: OpenJDK 64-Bit Server VM (17.0.7+0-b2043.56-10550314, mixed mode, sharing, tiered, compressed oops, compressed class ptrs, g1 gc, windows-amd64)
# No core dump will be written. Minidumps are not enabled by default on client versions of Windows
#

---------------  S U M M A R Y ------------

Command Line: git4idea.http.GitAskPassApp Username for 'https://github.com': 

Host: AMD Ryzen 7 1700 Eight-Core Processor          , 16 cores, 15G,  Windows 10 , 64 bit Build 19041 (10.0.19041.3636)
Time: Tue Dec 19 20:51:06 2023  Windows 10 , 64 bit Build 19041 (10.0.19041.3636) elapsed time: 0.034814 seconds (0d 0h 0m 0s)

---------------  T H R E A D  ---------------

Current thread (0x0000016a1aeca3e0):  JavaThread "Unknown thread" [_thread_in_vm, id=15592, stack(0x0000000eaee00000,0x0000000eaef00000)]

Stack: [0x0000000eaee00000,0x0000000eaef00000]
Native frames: (J=compiled Java code, j=interpreted, Vv=VM code, C=native code)
V  [jvm.dll+0x683bfa]
V  [jvm.dll+0x8430a4]
V  [jvm.dll+0x8449be]
V  [jvm.dll+0x845023]
V  [jvm.dll+0x24ad2f]
V  [jvm.dll+0x680ac9]
V  [jvm.dll+0x67519a]
V  [jvm.dll+0x30b3cb]
V  [jvm.dll+0x312876]
V  [jvm.dll+0x36221e]
V  [jvm.dll+0x36244f]
V  [jvm.dll+0x2e14a8]
V  [jvm.dll+0x2e2414]
V  [jvm.dll+0x814391]
V  [jvm.dll+0x36ffe1]
V  [jvm.dll+0x7f396c]
V  [jvm.dll+0x3f305f]
V  [jvm.dll+0x3f4b91]
C  [jli.dll+0x528f]
C  [ucrtbase.dll+0x21bb2]
C  [KERNEL32.DLL+0x17344]
C  [ntdll.dll+0x526b1]


---------------  P R O C E S S  ---------------

Threads class SMR info:
_java_thread_list=0x00007ff8ef15d098, length=0, elements={
}

Java Threads: ( => current thread )

Other Threads:
  0x0000016a1af3a7a0 GCTaskThread "GC Thread#0" [stack: 0x0000000eaef00000,0x0000000eaf000000] [id=17904]
  0x0000016a1af4b5b0 ConcurrentGCThread "G1 Main Marker" [stack: 0x0000000eaf000000,0x0000000eaf100000] [id=11944]
  0x0000016a1af4bfd0 ConcurrentGCThread "G1 Conc#0" [stack: 0x0000000eaf100000,0x0000000eaf200000] [id=16068]

[error occurred during error reporting (printing all threads), id 0xc0000005, EXCEPTION_ACCESS_VIOLATION (0xc0000005) at pc=0x00007ff8ee912087]

VM state: not at safepoint (not fully initialized)

VM Mutex/Monitor currently owned by a thread:  ([mutex/lock_event])
[0x0000016a1aec6930] Heap_lock - owner thread: 0x0000016a1aeca3e0

Heap address: 0x0000000701200000, size: 4078 MB, Compressed Oops mode: Zero based, Oop shift amount: 3

CDS archive(s) mapped at: [0x0000000000000000-0x0000000000000000-0x0000000000000000), size 0, SharedBaseAddress: 0x0000000800000000, ArchiveRelocationMode: 0.
Narrow klass base: 0x0000000000000000, Narrow klass shift: 0, Narrow klass range: 0x0

GC Precious Log:
<Empty>

Heap:
 garbage-first heap   total 0K, used 0K [0x0000000701200000, 0x0000000800000000)
  region size 2048K, 0 young (0K), 0 survivors (0K)
 Metaspace       used 0K, committed 0K, reserved 0K
  class space    used 0K, committed 0K, reserved 0K

Heap Regions: E=young(eden), S=young(survivor), O=old, HS=humongous(starts), HC=humongous(continues), CS=collection set, F=free, OA=open archive, CA=closed archive, TAMS=top-at-mark-start (previous, next)

Card table byte_map: [0x0000016a2e430000,0x0000016a2ec30000] _byte_map_base: 0x0000016a2ac27000

Marking Bits (Prev, Next): (CMBitMap*) 0x0000016a1af3adb0, (CMBitMap*) 0x0000016a1af3adf0
 Prev Bits: [0x0000016a2f430000, 0x0000016a333e8000)
 Next Bits: [0x0000016a333f0000, 0x0000016a373a8000)

GC Heap History (0 events):
No events

Dll operation events (1 events):
Event: 0.004 Loaded shared library E:\Program Files\Android\Android Studio\jbr\bin\java.dll

Deoptimization events (0 events):
No events

Classes unloaded (0 events):
No events

Classes redefined (0 events):
No events

Internal exceptions (0 events):
No events

VM Operations (0 events):
No events

Events (0 events):
No events


Dynamic libraries:
0x00007ff704970000 - 0x00007ff70497a000 	E:\Program Files\Android\Android Studio\jbr\bin\java.exe
0x00007ff94ecd0000 - 0x00007ff94eec8000 	C:\Windows\SYSTEM32\ntdll.dll
0x00007ff94e8c0000 - 0x00007ff94e97d000 	C:\Windows\System32\KERNEL32.DLL
0x00007ff94c3b0000 - 0x00007ff94c6a6000 	C:\Windows\System32\KERNELBASE.dll
0x00007ff94cb60000 - 0x00007ff94cc60000 	C:\Windows\System32\ucrtbase.dll
0x00007ff9294c0000 - 0x00007ff9294d7000 	E:\Program Files\Android\Android Studio\jbr\bin\jli.dll
0x00007ff90e2f0000 - 0x00007ff90e30b000 	E:\Program Files\Android\Android Studio\jbr\bin\VCRUNTIME140.dll
0x00007ff94d880000 - 0x00007ff94da1e000 	C:\Windows\System32\USER32.dll
0x00007ff94cc60000 - 0x00007ff94cc82000 	C:\Windows\System32\win32u.dll
0x00007ff9358b0000 - 0x00007ff935b4a000 	C:\Windows\WinSxS\amd64_microsoft.windows.common-controls_6595b64144ccf1df_6.0.19041.3636_none_60b6a03d71f818d5\COMCTL32.dll
0x00007ff94e350000 - 0x00007ff94e37c000 	C:\Windows\System32\GDI32.dll
0x00007ff94cef0000 - 0x00007ff94cf8e000 	C:\Windows\System32\msvcrt.dll
0x00007ff94ca40000 - 0x00007ff94cb5a000 	C:\Windows\System32\gdi32full.dll
0x00007ff94c740000 - 0x00007ff94c7dd000 	C:\Windows\System32\msvcp_win.dll
0x00007ff94da20000 - 0x00007ff94da50000 	C:\Windows\System32\IMM32.DLL
0x00007ff913000000 - 0x00007ff91300c000 	E:\Program Files\Android\Android Studio\jbr\bin\vcruntime140_1.dll
0x00007ff8eb7b0000 - 0x00007ff8eb83d000 	E:\Program Files\Android\Android Studio\jbr\bin\msvcp140.dll
0x00007ff8ee620000 - 0x00007ff8ef2a0000 	E:\Program Files\Android\Android Studio\jbr\bin\server\jvm.dll
0x00007ff94df50000 - 0x00007ff94dfff000 	C:\Windows\System32\ADVAPI32.dll
0x00007ff94e1a0000 - 0x00007ff94e23c000 	C:\Windows\System32\sechost.dll
0x00007ff94e6e0000 - 0x00007ff94e806000 	C:\Windows\System32\RPCRT4.dll
0x00007ff938ee0000 - 0x00007ff938f07000 	C:\Windows\SYSTEM32\WINMM.dll
0x00007ff926b10000 - 0x00007ff926b19000 	C:\Windows\SYSTEM32\WSOCK32.dll
0x00007ff9458c0000 - 0x00007ff9458ca000 	C:\Windows\SYSTEM32\VERSION.dll
0x00007ff94e000000 - 0x00007ff94e06b000 	C:\Windows\System32\WS2_32.dll
0x00007ff94a1b0000 - 0x00007ff94a1c2000 	C:\Windows\SYSTEM32\kernel.appcore.dll
0x00007ff9482a0000 - 0x00007ff9482aa000 	E:\Program Files\Android\Android Studio\jbr\bin\jimage.dll
0x00007ff937710000 - 0x00007ff9378f4000 	C:\Windows\SYSTEM32\DBGHELP.DLL
0x00007ff9321e0000 - 0x00007ff932214000 	C:\Windows\SYSTEM32\dbgcore.DLL
0x00007ff94c6b0000 - 0x00007ff94c732000 	C:\Windows\System32\bcryptPrimitives.dll
0x00007ff928530000 - 0x00007ff928555000 	E:\Program Files\Android\Android Studio\jbr\bin\java.dll

dbghelp: loaded successfully - version: 4.0.5 - missing functions: none
symbol engine: initialized successfully - sym options: 0x614 - pdb path: .;E:\Program Files\Android\Android Studio\jbr\bin;C:\Windows\SYSTEM32;C:\Windows\WinSxS\amd64_microsoft.windows.common-controls_6595b64144ccf1df_6.0.19041.3636_none_60b6a03d71f818d5;E:\Program Files\Android\Android Studio\jbr\bin\server

VM Arguments:
java_command: git4idea.http.GitAskPassApp Username for 'https://github.com': 
java_class_path (initial): E:/Program Files/Android/Android Studio/plugins/vcs-git/lib/git4idea-rt.jar;E:/Program Files/Android/Android Studio/lib/externalProcess-rt.jar
Launcher Type: SUN_STANDARD

[Global flags]
     intx CICompilerCount                          = 12                                        {product} {ergonomic}
     uint ConcGCThreads                            = 3                                         {product} {ergonomic}
     uint G1ConcRefinementThreads                  = 13                                        {product} {ergonomic}
   size_t G1HeapRegionSize                         = 2097152                                   {product} {ergonomic}
    uintx GCDrainStackTargetSize                   = 64                                        {product} {ergonomic}
   size_t InitialHeapSize                          = 268435456                                 {product} {ergonomic}
   size_t MarkStackSize                            = 4194304                                   {product} {ergonomic}
   size_t MaxHeapSize                              = 4276092928                                {product} {ergonomic}
   size_t MinHeapDeltaBytes                        = 2097152                                   {product} {ergonomic}
   size_t MinHeapSize                              = 8388608                                   {product} {ergonomic}
    uintx NonNMethodCodeHeapSize                   = 7602480                                {pd product} {ergonomic}
    uintx NonProfiledCodeHeapSize                  = 122027880                              {pd product} {ergonomic}
    uintx ProfiledCodeHeapSize                     = 122027880                              {pd product} {ergonomic}
    uintx ReservedCodeCacheSize                    = 251658240                              {pd product} {ergonomic}
     bool SegmentedCodeCache                       = true                                      {product} {ergonomic}
   size_t SoftMaxHeapSize                          = 4276092928                             {manageable} {ergonomic}
     bool UseCompressedClassPointers               = true                           {product lp64_product} {ergonomic}
     bool UseCompressedOops                        = true                           {product lp64_product} {ergonomic}
     bool UseG1GC                                  = true                                      {product} {ergonomic}
     bool UseLargePagesIndividualAllocation        = false                                  {pd product} {ergonomic}

Logging:
Log output configuration:
 #0: stdout all=warning uptime,level,tags
 #1: stderr all=off uptime,level,tags

Environment Variables:
PATH=C:/Program Files/Git/mingw64/libexec/git-core;C:/Program Files/Git/mingw64/libexec/git-core;C:\Program Files\Git\mingw64\bin;C:\Program Files\Git\usr\bin;C:\Users\user\bin;E:\Program Files\Python311\Scripts\;E:\Program Files\Python311\;C:\Program Files\Common Files\Oracle\Java\javapath;C:\Program Files (x86)\Common Files\Oracle\Java\javapath;C:\Program Files\Microsoft MPI\Bin\;E:\Program Files (x86)\VMware\VMware Workstation\bin\;C:\Program Files\Microsoft\jdk-11.0.16.101-hotspot\bin;c:\programdata\oracle\java\javapath;c:\windows\system32;c:\windows;c:\windows\system32\wbem;c:\windows\system32\windowspowershell\v1.0\;c:\windows\system32\openssh\;c:\program files\nvidia corporation\nvidia nvdlisr;c:\program files\dotnet\;C:\Program Files (x86)\NVIDIA Corporation\PhysX\Common;C:\Program Files\Git\cmd;C:\Program Files\Microsoft SQL Server\Client SDK\ODBC\170\Tools\Binn\;C:\Program Files\Microsoft SQL Server\150\Tools\Binn\;C:\Program Files (x86)\Microsoft SQL Server\160\Tools\Binn\;C:\Program Files\Microsoft SQL Server\160\Tools\Binn\;C:\Program Files\Microsoft SQL Server\160\DTS\Binn\;C:\Program Files (x86)\Microsoft SQL Server\160\DTS\Binn\;C:\Program Files\Azure Data Studio\bin;E:\Windows Kits\10\Windows Performance Toolkit\;E:\Program Files\Toad\apache-maven-3.9.3\bin;C:\Program Files\Azure Data Studio\bin;C:\Program Files\Azure Data Studio\bin;C:\Users\user\.dotnet\tools
USERNAME=user
DISPLAY=:0.0
LC_ALL=en_US.UTF-8
TERM=xterm-256color
TMPDIR=C:\Users\user\AppData\Local\Temp
OS=Windows_NT
PROCESSOR_IDENTIFIER=AMD64 Family 23 Model 1 Stepping 1, AuthenticAMD
TMP=C:\Users\user\AppData\Local\Temp
TEMP=C:\Users\user\AppData\Local\Temp


JNI global refs:
JNI global refs: 0, weak refs: 0

JNI global refs memory usage: 0, weak refs: 0

OOME stack traces (most recent first):
Classloader memory used:


---------------  S Y S T E M  ---------------

OS:
 Windows 10 , 64 bit Build 19041 (10.0.19041.3636)
OS uptime: 0 days 6:55 hours

CPU: total 16 (initial active 16) (16 cores per cpu, 2 threads per core) family 23 model 1 stepping 1 microcode 0x0, cx8, cmov, fxsr, ht, mmx, 3dnowpref, sse, sse2, sse3, ssse3, sse4a, sse4.1, sse4.2, popcnt, lzcnt, tsc, tscinvbit, avx, avx2, aes, clmul, bmi1, bmi2, adx, sha, fma, vzeroupper, clflush, clflushopt

Memory: 4k page, system-wide physical 16308M (3585M free)
TotalPageFile size 24500M (AvailPageFile size 34M)
current process WorkingSet (physical memory assigned to process): 10M, peak: 10M
current process commit charge ("private bytes"): 70M, peak: 326M

vm_info: OpenJDK 64-Bit Server VM (17.0.7+0-b2043.56-10550314) for windows-amd64 JRE (17.0.7+0-b2043.56-10550314), built on Jul 24 2023 18:27:45 by "androidbuild" with MS VC++ 16.10 / 16.11 (VS2019)

END.
